<?xml version="1.0" encoding="UTF-8"?>
<!-- Generated by org.testng.reporters.JUnitReportReporter -->
<testsuite hostname="Ankesh" failures="0" tests="1" name="seleniumTestCases.HorizontalScroll" time="12.525" errors="0" timestamp="2021-03-09T14:29:20 IST" skipped="0">
  <testcase classname="seleniumTestCases.HorizontalScroll" name="ScrollHorizontally" time="12.525"/>
  <system-out/>
</testsuite> <!-- seleniumTestCases.HorizontalScroll -->
