<?xml version="1.0" encoding="UTF-8"?>
<!-- Generated by org.testng.reporters.JUnitReportReporter -->
<testsuite hostname="Ankesh" failures="0" tests="1" name="testcases.DataGenerationTwitterAPI" time="91.674" errors="0" timestamp="2021-03-10T21:27:28 IST" skipped="0">
  <testcase classname="testcases.DataGenerationTwitterAPI" name="start" time="91.674"/>
  <system-out/>
</testsuite> <!-- testcases.DataGenerationTwitterAPI -->
