<?xml version="1.0" encoding="UTF-8"?>
<!-- Generated by org.testng.reporters.JUnitReportReporter -->
<testsuite hostname="Ankesh" failures="0" tests="1" name="testcases.TC_TwitterAuth" time="58.533" errors="0" timestamp="2021-03-08T20:24:00 IST" skipped="0">
  <testcase classname="testcases.TC_TwitterAuth" name="start" time="58.533"/>
  <system-out/>
</testsuite> <!-- testcases.TC_TwitterAuth -->
