<?xml version="1.0" encoding="UTF-8"?>
<!-- Generated by org.testng.reporters.JUnitReportReporter -->
<testsuite hostname="Ankesh" failures="0" tests="1" name="PublicUtilities.PublicLibrary" time="105.192" errors="0" timestamp="2021-03-07T19:18:26 IST" skipped="0">
  <testcase classname="PublicUtilities.PublicLibrary" name="setUp" time="105.192"/>
  <system-out/>
</testsuite> <!-- PublicUtilities.PublicLibrary -->
