<?xml version="1.0" encoding="UTF-8"?>
<!-- Generated by org.testng.reporters.JUnitReportReporter -->
<testsuite hostname="Ankesh" failures="0" tests="1" name="seleniumTestCases.SearchTwitterUser$PriceComparison" time="44.540" errors="0" timestamp="2021-03-07T21:46:10 IST" skipped="0">
  <testcase classname="seleniumTestCases.SearchTwitterUser$PriceComparison" name="priceComparisonTest" time="44.540"/>
  <system-out/>
</testsuite> <!-- seleniumTestCases.SearchTwitterUser$PriceComparison -->
